The system is: Linux - 5.4.0-152-generic - x86_64
Compiling the CXX compiler identification source file "CMakeCXXCompilerId.cpp" succeeded.
Compiler: /usr/bin/g++ 
Build flags: 
Id flags:  

The output was:
0


Compilation of the CXX compiler identification source "CMakeCXXCompilerId.cpp" produced "a.out"

The CXX compiler identification is GNU, found in "/home/etg/git/Core3/build/CMakeFiles/3.16.3/CompilerIdCXX/a.out"

Compiling the C compiler identification source file "CMakeCCompilerId.c" succeeded.
Compiler: /usr/bin/gcc 
Build flags: 
Id flags:  

The output was:
0


Compilation of the C compiler identification source "CMakeCCompilerId.c" produced "a.out"

The C compiler identification is GNU, found in "/home/etg/git/Core3/build/CMakeFiles/3.16.3/CompilerIdC/a.out"

Determining if the CXX compiler works passed with the following output:
Change Dir: /home/etg/git/Core3/build/CMakeFiles/CMakeTmp

Run Build Command(s):/usr/bin/make cmTC_9749c/fast && /usr/bin/make -f CMakeFiles/cmTC_9749c.dir/build.make CMakeFiles/cmTC_9749c.dir/build
make[1]: Entering directory '/home/etg/git/Core3/build/CMakeFiles/CMakeTmp'
Building CXX object CMakeFiles/cmTC_9749c.dir/testCXXCompiler.cxx.o
/usr/bin/g++     -o CMakeFiles/cmTC_9749c.dir/testCXXCompiler.cxx.o -c /home/etg/git/Core3/build/CMakeFiles/CMakeTmp/testCXXCompiler.cxx
Linking CXX executable cmTC_9749c
/usr/bin/cmake -E cmake_link_script CMakeFiles/cmTC_9749c.dir/link.txt --verbose=1
/usr/bin/g++       -rdynamic CMakeFiles/cmTC_9749c.dir/testCXXCompiler.cxx.o  -o cmTC_9749c 
make[1]: Leaving directory '/home/etg/git/Core3/build/CMakeFiles/CMakeTmp'



Detecting CXX compiler ABI info compiled with the following output:
Change Dir: /home/etg/git/Core3/build/CMakeFiles/CMakeTmp

Run Build Command(s):/usr/bin/make cmTC_916f7/fast && /usr/bin/make -f CMakeFiles/cmTC_916f7.dir/build.make CMakeFiles/cmTC_916f7.dir/build
make[1]: Entering directory '/home/etg/git/Core3/build/CMakeFiles/CMakeTmp'
Building CXX object CMakeFiles/cmTC_916f7.dir/CMakeCXXCompilerABI.cpp.o
/usr/bin/g++    -v -o CMakeFiles/cmTC_916f7.dir/CMakeCXXCompilerABI.cpp.o -c /usr/share/cmake-3.16/Modules/CMakeCXXCompilerABI.cpp
Using built-in specs.
COLLECT_GCC=/usr/bin/g++
OFFLOAD_TARGET_NAMES=nvptx-none:hsa
OFFLOAD_TARGET_DEFAULT=1
Target: x86_64-linux-gnu
Configured with: ../src/configure -v --with-pkgversion='Ubuntu 9.4.0-1ubuntu1~20.04.1' --with-bugurl=file:///usr/share/doc/gcc-9/README.Bugs --enable-languages=c,ada,c++,go,brig,d,fortran,objc,obj-c++,gm2 --prefix=/usr --with-gcc-major-version-only --program-suffix=-9 --program-prefix=x86_64-linux-gnu- --enable-shared --enable-linker-build-id --libexecdir=/usr/lib --without-included-gettext --enable-threads=posix --libdir=/usr/lib --enable-nls --enable-clocale=gnu --enable-libstdcxx-debug --enable-libstdcxx-time=yes --with-default-libstdcxx-abi=new --enable-gnu-unique-object --disable-vtable-verify --enable-plugin --enable-default-pie --with-system-zlib --with-target-system-zlib=auto --enable-objc-gc=auto --enable-multiarch --disable-werror --with-arch-32=i686 --with-abi=m64 --with-multilib-list=m32,m64,mx32 --enable-multilib --with-tune=generic --enable-offload-targets=nvptx-none=/build/gcc-9-Av3uEd/gcc-9-9.4.0/debian/tmp-nvptx/usr,hsa --without-cuda-driver --enable-checking=release --build=x86_64-linux-gnu --host=x86_64-linux-gnu --target=x86_64-linux-gnu
Thread model: posix
gcc version 9.4.0 (Ubuntu 9.4.0-1ubuntu1~20.04.1) 
COLLECT_GCC_OPTIONS='-v' '-o' 'CMakeFiles/cmTC_916f7.dir/CMakeCXXCompilerABI.cpp.o' '-c' '-shared-libgcc' '-mtune=generic' '-march=x86-64'
 /usr/lib/gcc/x86_64-linux-gnu/9/cc1plus -quiet -v -imultiarch x86_64-linux-gnu -D_GNU_SOURCE /usr/share/cmake-3.16/Modules/CMakeCXXCompilerABI.cpp -quiet -dumpbase CMakeCXXCompilerABI.cpp -mtune=generic -march=x86-64 -auxbase-strip CMakeFiles/cmTC_916f7.dir/CMakeCXXCompilerABI.cpp.o -version -fasynchronous-unwind-tables -fstack-protector-strong -Wformat -Wformat-security -fstack-clash-protection -fcf-protection -o /tmp/ccloIiY3.s
GNU C++14 (Ubuntu 9.4.0-1ubuntu1~20.04.1) version 9.4.0 (x86_64-linux-gnu)
	compiled by GNU C version 9.4.0, GMP version 6.2.0, MPFR version 4.0.2, MPC version 1.1.0, isl version isl-0.22.1-GMP

GGC heuristics: --param ggc-min-expand=100 --param ggc-min-heapsize=131072
ignoring duplicate directory "/usr/include/x86_64-linux-gnu/c++/9"
ignoring nonexistent directory "/usr/local/include/x86_64-linux-gnu"
ignoring nonexistent directory "/usr/lib/gcc/x86_64-linux-gnu/9/include-fixed"
ignoring nonexistent directory "/usr/lib/gcc/x86_64-linux-gnu/9/../../../../x86_64-linux-gnu/include"
#include "..." search starts here:
#include <...> search starts here:
 /usr/include/c++/9
 /usr/include/x86_64-linux-gnu/c++/9
 /usr/include/c++/9/backward
 /usr/lib/gcc/x86_64-linux-gnu/9/include
 /usr/local/include
 /usr/include/x86_64-linux-gnu
 /usr/include
End of search list.
GNU C++14 (Ubuntu 9.4.0-1ubuntu1~20.04.1) version 9.4.0 (x86_64-linux-gnu)
	compiled by GNU C version 9.4.0, GMP version 6.2.0, MPFR version 4.0.2, MPC version 1.1.0, isl version isl-0.22.1-GMP

GGC heuristics: --param ggc-min-expand=100 --param ggc-min-heapsize=131072
Compiler executable checksum: 65fe925b83d3956b533de4aaba7dace0
COLLECT_GCC_OPTIONS='-v' '-o' 'CMakeFiles/cmTC_916f7.dir/CMakeCXXCompilerABI.cpp.o' '-c' '-shared-libgcc' '-mtune=generic' '-march=x86-64'
 as -v --64 -o CMakeFiles/cmTC_916f7.dir/CMakeCXXCompilerABI.cpp.o /tmp/ccloIiY3.s
GNU assembler version 2.34 (x86_64-linux-gnu) using BFD version (GNU Binutils for Ubuntu) 2.34
COMPILER_PATH=/usr/lib/gcc/x86_64-linux-gnu/9/:/usr/lib/gcc/x86_64-linux-gnu/9/:/usr/lib/gcc/x86_64-linux-gnu/:/usr/lib/gcc/x86_64-linux-gnu/9/:/usr/lib/gcc/x86_64-linux-gnu/
LIBRARY_PATH=/usr/lib/gcc/x86_64-linux-gnu/9/:/usr/lib/gcc/x86_64-linux-gnu/9/../../../x86_64-linux-gnu/:/usr/lib/gcc/x86_64-linux-gnu/9/../../../../lib/:/lib/x86_64-linux-gnu/:/lib/../lib/:/usr/lib/x86_64-linux-gnu/:/usr/lib/../lib/:/usr/lib/gcc/x86_64-linux-gnu/9/../../../:/lib/:/usr/lib/
COLLECT_GCC_OPTIONS='-v' '-o' 'CMakeFiles/cmTC_916f7.dir/CMakeCXXCompilerABI.cpp.o' '-c' '-shared-libgcc' '-mtune=generic' '-march=x86-64'
Linking CXX executable cmTC_916f7
/usr/bin/cmake -E cmake_link_script CMakeFiles/cmTC_916f7.dir/link.txt --verbose=1
/usr/bin/g++      -v -rdynamic CMakeFiles/cmTC_916f7.dir/CMakeCXXCompilerABI.cpp.o  -o cmTC_916f7 
Using built-in specs.
COLLECT_GCC=/usr/bin/g++
COLLECT_LTO_WRAPPER=/usr/lib/gcc/x86_64-linux-gnu/9/lto-wrapper
OFFLOAD_TARGET_NAMES=nvptx-none:hsa
OFFLOAD_TARGET_DEFAULT=1
Target: x86_64-linux-gnu
Configured with: ../src/configure -v --with-pkgversion='Ubuntu 9.4.0-1ubuntu1~20.04.1' --with-bugurl=file:///usr/share/doc/gcc-9/README.Bugs --enable-languages=c,ada,c++,go,brig,d,fortran,objc,obj-c++,gm2 --prefix=/usr --with-gcc-major-version-only --program-suffix=-9 --program-prefix=x86_64-linux-gnu- --enable-shared --enable-linker-build-id --libexecdir=/usr/lib --without-included-gettext --enable-threads=posix --libdir=/usr/lib --enable-nls --enable-clocale=gnu --enable-libstdcxx-debug --enable-libstdcxx-time=yes --with-default-libstdcxx-abi=new --enable-gnu-unique-object --disable-vtable-verify --enable-plugin --enable-default-pie --with-system-zlib --with-target-system-zlib=auto --enable-objc-gc=auto --enable-multiarch --disable-werror --with-arch-32=i686 --with-abi=m64 --with-multilib-list=m32,m64,mx32 --enable-multilib --with-tune=generic --enable-offload-targets=nvptx-none=/build/gcc-9-Av3uEd/gcc-9-9.4.0/debian/tmp-nvptx/usr,hsa --without-cuda-driver --enable-checking=release --build=x86_64-linux-gnu --host=x86_64-linux-gnu --target=x86_64-linux-gnu
Thread model: posix
gcc version 9.4.0 (Ubuntu 9.4.0-1ubuntu1~20.04.1) 
COMPILER_PATH=/usr/lib/gcc/x86_64-linux-gnu/9/:/usr/lib/gcc/x86_64-linux-gnu/9/:/usr/lib/gcc/x86_64-linux-gnu/:/usr/lib/gcc/x86_64-linux-gnu/9/:/usr/lib/gcc/x86_64-linux-gnu/
LIBRARY_PATH=/usr/lib/gcc/x86_64-linux-gnu/9/:/usr/lib/gcc/x86_64-linux-gnu/9/../../../x86_64-linux-gnu/:/usr/lib/gcc/x86_64-linux-gnu/9/../../../../lib/:/lib/x86_64-linux-gnu/:/lib/../lib/:/usr/lib/x86_64-linux-gnu/:/usr/lib/../lib/:/usr/lib/gcc/x86_64-linux-gnu/9/../../../:/lib/:/usr/lib/
COLLECT_GCC_OPTIONS='-v' '-rdynamic' '-o' 'cmTC_916f7' '-shared-libgcc' '-mtune=generic' '-march=x86-64'
 /usr/lib/gcc/x86_64-linux-gnu/9/collect2 -plugin /usr/lib/gcc/x86_64-linux-gnu/9/liblto_plugin.so -plugin-opt=/usr/lib/gcc/x86_64-linux-gnu/9/lto-wrapper -plugin-opt=-fresolution=/tmp/ccvMgpPw.res -plugin-opt=-pass-through=-lgcc_s -plugin-opt=-pass-through=-lgcc -plugin-opt=-pass-through=-lc -plugin-opt=-pass-through=-lgcc_s -plugin-opt=-pass-through=-lgcc --build-id --eh-frame-hdr -m elf_x86_64 --hash-style=gnu --as-needed -export-dynamic -dynamic-linker /lib64/ld-linux-x86-64.so.2 -pie -z now -z relro -o cmTC_916f7 /usr/lib/gcc/x86_64-linux-gnu/9/../../../x86_64-linux-gnu/Scrt1.o /usr/lib/gcc/x86_64-linux-gnu/9/../../../x86_64-linux-gnu/crti.o /usr/lib/gcc/x86_64-linux-gnu/9/crtbeginS.o -L/usr/lib/gcc/x86_64-linux-gnu/9 -L/usr/lib/gcc/x86_64-linux-gnu/9/../../../x86_64-linux-gnu -L/usr/lib/gcc/x86_64-linux-gnu/9/../../../../lib -L/lib/x86_64-linux-gnu -L/lib/../lib -L/usr/lib/x86_64-linux-gnu -L/usr/lib/../lib -L/usr/lib/gcc/x86_64-linux-gnu/9/../../.. CMakeFiles/cmTC_916f7.dir/CMakeCXXCompilerABI.cpp.o -lstdc++ -lm -lgcc_s -lgcc -lc -lgcc_s -lgcc /usr/lib/gcc/x86_64-linux-gnu/9/crtendS.o /usr/lib/gcc/x86_64-linux-gnu/9/../../../x86_64-linux-gnu/crtn.o
COLLECT_GCC_OPTIONS='-v' '-rdynamic' '-o' 'cmTC_916f7' '-shared-libgcc' '-mtune=generic' '-march=x86-64'
make[1]: Leaving directory '/home/etg/git/Core3/build/CMakeFiles/CMakeTmp'



Parsed CXX implicit include dir info from above output: rv=done
  found start of include info
  found start of implicit include info
    add: [/usr/include/c++/9]
    add: [/usr/include/x86_64-linux-gnu/c++/9]
    add: [/usr/include/c++/9/backward]
    add: [/usr/lib/gcc/x86_64-linux-gnu/9/include]
    add: [/usr/local/include]
    add: [/usr/include/x86_64-linux-gnu]
    add: [/usr/include]
  end of search list found
  collapse include dir [/usr/include/c++/9] ==> [/usr/include/c++/9]
  collapse include dir [/usr/include/x86_64-linux-gnu/c++/9] ==> [/usr/include/x86_64-linux-gnu/c++/9]
  collapse include dir [/usr/include/c++/9/backward] ==> [/usr/include/c++/9/backward]
  collapse include dir [/usr/lib/gcc/x86_64-linux-gnu/9/include] ==> [/usr/lib/gcc/x86_64-linux-gnu/9/include]
  collapse include dir [/usr/local/include] ==> [/usr/local/include]
  collapse include dir [/usr/include/x86_64-linux-gnu] ==> [/usr/include/x86_64-linux-gnu]
  collapse include dir [/usr/include] ==> [/usr/include]
  implicit include dirs: [/usr/include/c++/9;/usr/include/x86_64-linux-gnu/c++/9;/usr/include/c++/9/backward;/usr/lib/gcc/x86_64-linux-gnu/9/include;/usr/local/include;/usr/include/x86_64-linux-gnu;/usr/include]


Parsed CXX implicit link information from above output:
  link line regex: [^( *|.*[/\])(ld|CMAKE_LINK_STARTFILE-NOTFOUND|([^/\]+-)?ld|collect2)[^/\]*( |$)]
  ignore line: [Change Dir: /home/etg/git/Core3/build/CMakeFiles/CMakeTmp]
  ignore line: []
  ignore line: [Run Build Command(s):/usr/bin/make cmTC_916f7/fast && /usr/bin/make -f CMakeFiles/cmTC_916f7.dir/build.make CMakeFiles/cmTC_916f7.dir/build]
  ignore line: [make[1]: Entering directory '/home/etg/git/Core3/build/CMakeFiles/CMakeTmp']
  ignore line: [Building CXX object CMakeFiles/cmTC_916f7.dir/CMakeCXXCompilerABI.cpp.o]
  ignore line: [/usr/bin/g++    -v -o CMakeFiles/cmTC_916f7.dir/CMakeCXXCompilerABI.cpp.o -c /usr/share/cmake-3.16/Modules/CMakeCXXCompilerABI.cpp]
  ignore line: [Using built-in specs.]
  ignore line: [COLLECT_GCC=/usr/bin/g++]
  ignore line: [OFFLOAD_TARGET_NAMES=nvptx-none:hsa]
  ignore line: [OFFLOAD_TARGET_DEFAULT=1]
  ignore line: [Target: x86_64-linux-gnu]
  ignore line: [Configured with: ../src/configure -v --with-pkgversion='Ubuntu 9.4.0-1ubuntu1~20.04.1' --with-bugurl=file:///usr/share/doc/gcc-9/README.Bugs --enable-languages=c ada c++ go brig d fortran objc obj-c++ gm2 --prefix=/usr --with-gcc-major-version-only --program-suffix=-9 --program-prefix=x86_64-linux-gnu- --enable-shared --enable-linker-build-id --libexecdir=/usr/lib --without-included-gettext --enable-threads=posix --libdir=/usr/lib --enable-nls --enable-clocale=gnu --enable-libstdcxx-debug --enable-libstdcxx-time=yes --with-default-libstdcxx-abi=new --enable-gnu-unique-object --disable-vtable-verify --enable-plugin --enable-default-pie --with-system-zlib --with-target-system-zlib=auto --enable-objc-gc=auto --enable-multiarch --disable-werror --with-arch-32=i686 --with-abi=m64 --with-multilib-list=m32 m64 mx32 --enable-multilib --with-tune=generic --enable-offload-targets=nvptx-none=/build/gcc-9-Av3uEd/gcc-9-9.4.0/debian/tmp-nvptx/usr hsa --without-cuda-driver --enable-checking=release --build=x86_64-linux-gnu --host=x86_64-linux-gnu --target=x86_64-linux-gnu]
  ignore line: [Thread model: posix]
  ignore line: [gcc version 9.4.0 (Ubuntu 9.4.0-1ubuntu1~20.04.1) ]
  ignore line: [COLLECT_GCC_OPTIONS='-v' '-o' 'CMakeFiles/cmTC_916f7.dir/CMakeCXXCompilerABI.cpp.o' '-c' '-shared-libgcc' '-mtune=generic' '-march=x86-64']
  ignore line: [ /usr/lib/gcc/x86_64-linux-gnu/9/cc1plus -quiet -v -imultiarch x86_64-linux-gnu -D_GNU_SOURCE /usr/share/cmake-3.16/Modules/CMakeCXXCompilerABI.cpp -quiet -dumpbase CMakeCXXCompilerABI.cpp -mtune=generic -march=x86-64 -auxbase-strip CMakeFiles/cmTC_916f7.dir/CMakeCXXCompilerABI.cpp.o -version -fasynchronous-unwind-tables -fstack-protector-strong -Wformat -Wformat-security -fstack-clash-protection -fcf-protection -o /tmp/ccloIiY3.s]
  ignore line: [GNU C++14 (Ubuntu 9.4.0-1ubuntu1~20.04.1) version 9.4.0 (x86_64-linux-gnu)]
  ignore line: [	compiled by GNU C version 9.4.0  GMP version 6.2.0  MPFR version 4.0.2  MPC version 1.1.0  isl version isl-0.22.1-GMP]
  ignore line: []
  ignore line: [GGC heuristics: --param ggc-min-expand=100 --param ggc-min-heapsize=131072]
  ignore line: [ignoring duplicate directory "/usr/include/x86_64-linux-gnu/c++/9"]
  ignore line: [ignoring nonexistent directory "/usr/local/include/x86_64-linux-gnu"]
  ignore line: [ignoring nonexistent directory "/usr/lib/gcc/x86_64-linux-gnu/9/include-fixed"]
  ignore line: [ignoring nonexistent directory "/usr/lib/gcc/x86_64-linux-gnu/9/../../../../x86_64-linux-gnu/include"]
  ignore line: [#include "..." search starts here:]
  ignore line: [#include <...> search starts here:]
  ignore line: [ /usr/include/c++/9]
  ignore line: [ /usr/include/x86_64-linux-gnu/c++/9]
  ignore line: [ /usr/include/c++/9/backward]
  ignore line: [ /usr/lib/gcc/x86_64-linux-gnu/9/include]
  ignore line: [ /usr/local/include]
  ignore line: [ /usr/include/x86_64-linux-gnu]
  ignore line: [ /usr/include]
  ignore line: [End of search list.]
  ignore line: [GNU C++14 (Ubuntu 9.4.0-1ubuntu1~20.04.1) version 9.4.0 (x86_64-linux-gnu)]
  ignore line: [	compiled by GNU C version 9.4.0  GMP version 6.2.0  MPFR version 4.0.2  MPC version 1.1.0  isl version isl-0.22.1-GMP]
  ignore line: []
  ignore line: [GGC heuristics: --param ggc-min-expand=100 --param ggc-min-heapsize=131072]
  ignore line: [Compiler executable checksum: 65fe925b83d3956b533de4aaba7dace0]
  ignore line: [COLLECT_GCC_OPTIONS='-v' '-o' 'CMakeFiles/cmTC_916f7.dir/CMakeCXXCompilerABI.cpp.o' '-c' '-shared-libgcc' '-mtune=generic' '-march=x86-64']
  ignore line: [ as -v --64 -o CMakeFiles/cmTC_916f7.dir/CMakeCXXCompilerABI.cpp.o /tmp/ccloIiY3.s]
  ignore line: [GNU assembler version 2.34 (x86_64-linux-gnu) using BFD version (GNU Binutils for Ubuntu) 2.34]
  ignore line: [COMPILER_PATH=/usr/lib/gcc/x86_64-linux-gnu/9/:/usr/lib/gcc/x86_64-linux-gnu/9/:/usr/lib/gcc/x86_64-linux-gnu/:/usr/lib/gcc/x86_64-linux-gnu/9/:/usr/lib/gcc/x86_64-linux-gnu/]
  ignore line: [LIBRARY_PATH=/usr/lib/gcc/x86_64-linux-gnu/9/:/usr/lib/gcc/x86_64-linux-gnu/9/../../../x86_64-linux-gnu/:/usr/lib/gcc/x86_64-linux-gnu/9/../../../../lib/:/lib/x86_64-linux-gnu/:/lib/../lib/:/usr/lib/x86_64-linux-gnu/:/usr/lib/../lib/:/usr/lib/gcc/x86_64-linux-gnu/9/../../../:/lib/:/usr/lib/]
  ignore line: [COLLECT_GCC_OPTIONS='-v' '-o' 'CMakeFiles/cmTC_916f7.dir/CMakeCXXCompilerABI.cpp.o' '-c' '-shared-libgcc' '-mtune=generic' '-march=x86-64']
  ignore line: [Linking CXX executable cmTC_916f7]
  ignore line: [/usr/bin/cmake -E cmake_link_script CMakeFiles/cmTC_916f7.dir/link.txt --verbose=1]
  ignore line: [/usr/bin/g++      -v -rdynamic CMakeFiles/cmTC_916f7.dir/CMakeCXXCompilerABI.cpp.o  -o cmTC_916f7 ]
  ignore line: [Using built-in specs.]
  ignore line: [COLLECT_GCC=/usr/bin/g++]
  ignore line: [COLLECT_LTO_WRAPPER=/usr/lib/gcc/x86_64-linux-gnu/9/lto-wrapper]
  ignore line: [OFFLOAD_TARGET_NAMES=nvptx-none:hsa]
  ignore line: [OFFLOAD_TARGET_DEFAULT=1]
  ignore line: [Target: x86_64-linux-gnu]
  ignore line: [Configured with: ../src/configure -v --with-pkgversion='Ubuntu 9.4.0-1ubuntu1~20.04.1' --with-bugurl=file:///usr/share/doc/gcc-9/README.Bugs --enable-languages=c ada c++ go brig d fortran objc obj-c++ gm2 --prefix=/usr --with-gcc-major-version-only --program-suffix=-9 --program-prefix=x86_64-linux-gnu- --enable-shared --enable-linker-build-id --libexecdir=/usr/lib --without-included-gettext --enable-threads=posix --libdir=/usr/lib --enable-nls --enable-clocale=gnu --enable-libstdcxx-debug --enable-libstdcxx-time=yes --with-default-libstdcxx-abi=new --enable-gnu-unique-object --disable-vtable-verify --enable-plugin --enable-default-pie --with-system-zlib --with-target-system-zlib=auto --enable-objc-gc=auto --enable-multiarch --disable-werror --with-arch-32=i686 --with-abi=m64 --with-multilib-list=m32 m64 mx32 --enable-multilib --with-tune=generic --enable-offload-targets=nvptx-none=/build/gcc-9-Av3uEd/gcc-9-9.4.0/debian/tmp-nvptx/usr hsa --without-cuda-driver --enable-checking=release --build=x86_64-linux-gnu --host=x86_64-linux-gnu --target=x86_64-linux-gnu]
  ignore line: [Thread model: posix]
  ignore line: [gcc version 9.4.0 (Ubuntu 9.4.0-1ubuntu1~20.04.1) ]
  ignore line: [COMPILER_PATH=/usr/lib/gcc/x86_64-linux-gnu/9/:/usr/lib/gcc/x86_64-linux-gnu/9/:/usr/lib/gcc/x86_64-linux-gnu/:/usr/lib/gcc/x86_64-linux-gnu/9/:/usr/lib/gcc/x86_64-linux-gnu/]
  ignore line: [LIBRARY_PATH=/usr/lib/gcc/x86_64-linux-gnu/9/:/usr/lib/gcc/x86_64-linux-gnu/9/../../../x86_64-linux-gnu/:/usr/lib/gcc/x86_64-linux-gnu/9/../../../../lib/:/lib/x86_64-linux-gnu/:/lib/../lib/:/usr/lib/x86_64-linux-gnu/:/usr/lib/../lib/:/usr/lib/gcc/x86_64-linux-gnu/9/../../../:/lib/:/usr/lib/]
  ignore line: [COLLECT_GCC_OPTIONS='-v' '-rdynamic' '-o' 'cmTC_916f7' '-shared-libgcc' '-mtune=generic' '-march=x86-64']
  link line: [ /usr/lib/gcc/x86_64-linux-gnu/9/collect2 -plugin /usr/lib/gcc/x86_64-linux-gnu/9/liblto_plugin.so -plugin-opt=/usr/lib/gcc/x86_64-linux-gnu/9/lto-wrapper -plugin-opt=-fresolution=/tmp/ccvMgpPw.res -plugin-opt=-pass-through=-lgcc_s -plugin-opt=-pass-through=-lgcc -plugin-opt=-pass-through=-lc -plugin-opt=-pass-through=-lgcc_s -plugin-opt=-pass-through=-lgcc --build-id --eh-frame-hdr -m elf_x86_64 --hash-style=gnu --as-needed -export-dynamic -dynamic-linker /lib64/ld-linux-x86-64.so.2 -pie -z now -z relro -o cmTC_916f7 /usr/lib/gcc/x86_64-linux-gnu/9/../../../x86_64-linux-gnu/Scrt1.o /usr/lib/gcc/x86_64-linux-gnu/9/../../../x86_64-linux-gnu/crti.o /usr/lib/gcc/x86_64-linux-gnu/9/crtbeginS.o -L/usr/lib/gcc/x86_64-linux-gnu/9 -L/usr/lib/gcc/x86_64-linux-gnu/9/../../../x86_64-linux-gnu -L/usr/lib/gcc/x86_64-linux-gnu/9/../../../../lib -L/lib/x86_64-linux-gnu -L/lib/../lib -L/usr/lib/x86_64-linux-gnu -L/usr/lib/../lib -L/usr/lib/gcc/x86_64-linux-gnu/9/../../.. CMakeFiles/cmTC_916f7.dir/CMakeCXXCompilerABI.cpp.o -lstdc++ -lm -lgcc_s -lgcc -lc -lgcc_s -lgcc /usr/lib/gcc/x86_64-linux-gnu/9/crtendS.o /usr/lib/gcc/x86_64-linux-gnu/9/../../../x86_64-linux-gnu/crtn.o]
    arg [/usr/lib/gcc/x86_64-linux-gnu/9/collect2] ==> ignore
    arg [-plugin] ==> ignore
    arg [/usr/lib/gcc/x86_64-linux-gnu/9/liblto_plugin.so] ==> ignore
    arg [-plugin-opt=/usr/lib/gcc/x86_64-linux-gnu/9/lto-wrapper] ==> ignore
    arg [-plugin-opt=-fresolution=/tmp/ccvMgpPw.res] ==> ignore
    arg [-plugin-opt=-pass-through=-lgcc_s] ==> ignore
    arg [-plugin-opt=-pass-through=-lgcc] ==> ignore
    arg [-plugin-opt=-pass-through=-lc] ==> ignore
    arg [-plugin-opt=-pass-through=-lgcc_s] ==> ignore
    arg [-plugin-opt=-pass-through=-lgcc] ==> ignore
    arg [--build-id] ==> ignore
    arg [--eh-frame-hdr] ==> ignore
    arg [-m] ==> ignore
    arg [elf_x86_64] ==> ignore
    arg [--hash-style=gnu] ==> ignore
    arg [--as-needed] ==> ignore
    arg [-export-dynamic] ==> ignore
    arg [-dynamic-linker] ==> ignore
    arg [/lib64/ld-linux-x86-64.so.2] ==> ignore
    arg [-pie] ==> ignore
    arg [-znow] ==> ignore
    arg [-zrelro] ==> ignore
    arg [-o] ==> ignore
    arg [cmTC_916f7] ==> ignore
    arg [/usr/lib/gcc/x86_64-linux-gnu/9/../../../x86_64-linux-gnu/Scrt1.o] ==> ignore
    arg [/usr/lib/gcc/x86_64-linux-gnu/9/../../../x86_64-linux-gnu/crti.o] ==> ignore
    arg [/usr/lib/gcc/x86_64-linux-gnu/9/crtbeginS.o] ==> ignore
    arg [-L/usr/lib/gcc/x86_64-linux-gnu/9] ==> dir [/usr/lib/gcc/x86_64-linux-gnu/9]
    arg [-L/usr/lib/gcc/x86_64-linux-gnu/9/../../../x86_64-linux-gnu] ==> dir [/usr/lib/gcc/x86_64-linux-gnu/9/../../../x86_64-linux-gnu]
    arg [-L/usr/lib/gcc/x86_64-linux-gnu/9/../../../../lib] ==> dir [/usr/lib/gcc/x86_64-linux-gnu/9/../../../../lib]
    arg [-L/lib/x86_64-linux-gnu] ==> dir [/lib/x86_64-linux-gnu]
    arg [-L/lib/../lib] ==> dir [/lib/../lib]
    arg [-L/usr/lib/x86_64-linux-gnu] ==> dir [/usr/lib/x86_64-linux-gnu]
    arg [-L/usr/lib/../lib] ==> dir [/usr/lib/../lib]
    arg [-L/usr/lib/gcc/x86_64-linux-gnu/9/../../..] ==> dir [/usr/lib/gcc/x86_64-linux-gnu/9/../../..]
    arg [CMakeFiles/cmTC_916f7.dir/CMakeCXXCompilerABI.cpp.o] ==> ignore
    arg [-lstdc++] ==> lib [stdc++]
    arg [-lm] ==> lib [m]
    arg [-lgcc_s] ==> lib [gcc_s]
    arg [-lgcc] ==> lib [gcc]
    arg [-lc] ==> lib [c]
    arg [-lgcc_s] ==> lib [gcc_s]
    arg [-lgcc] ==> lib [gcc]
    arg [/usr/lib/gcc/x86_64-linux-gnu/9/crtendS.o] ==> ignore
    arg [/usr/lib/gcc/x86_64-linux-gnu/9/../../../x86_64-linux-gnu/crtn.o] ==> ignore
  collapse library dir [/usr/lib/gcc/x86_64-linux-gnu/9] ==> [/usr/lib/gcc/x86_64-linux-gnu/9]
  collapse library dir [/usr/lib/gcc/x86_64-linux-gnu/9/../../../x86_64-linux-gnu] ==> [/usr/lib/x86_64-linux-gnu]
  collapse library dir [/usr/lib/gcc/x86_64-linux-gnu/9/../../../../lib] ==> [/usr/lib]
  collapse library dir [/lib/x86_64-linux-gnu] ==> [/lib/x86_64-linux-gnu]
  collapse library dir [/lib/../lib] ==> [/lib]
  collapse library dir [/usr/lib/x86_64-linux-gnu] ==> [/usr/lib/x86_64-linux-gnu]
  collapse library dir [/usr/lib/../lib] ==> [/usr/lib]
  collapse library dir [/usr/lib/gcc/x86_64-linux-gnu/9/../../..] ==> [/usr/lib]
  implicit libs: [stdc++;m;gcc_s;gcc;c;gcc_s;gcc]
  implicit dirs: [/usr/lib/gcc/x86_64-linux-gnu/9;/usr/lib/x86_64-linux-gnu;/usr/lib;/lib/x86_64-linux-gnu;/lib]
  implicit fwks: []


Determining if the C compiler works passed with the following output:
Change Dir: /home/etg/git/Core3/build/CMakeFiles/CMakeTmp

Run Build Command(s):/usr/bin/make cmTC_6379b/fast && /usr/bin/make -f CMakeFiles/cmTC_6379b.dir/build.make CMakeFiles/cmTC_6379b.dir/build
make[1]: Entering directory '/home/etg/git/Core3/build/CMakeFiles/CMakeTmp'
Building C object CMakeFiles/cmTC_6379b.dir/testCCompiler.c.o
/usr/bin/gcc    -o CMakeFiles/cmTC_6379b.dir/testCCompiler.c.o   -c /home/etg/git/Core3/build/CMakeFiles/CMakeTmp/testCCompiler.c
Linking C executable cmTC_6379b
/usr/bin/cmake -E cmake_link_script CMakeFiles/cmTC_6379b.dir/link.txt --verbose=1
/usr/bin/gcc      -rdynamic CMakeFiles/cmTC_6379b.dir/testCCompiler.c.o  -o cmTC_6379b 
make[1]: Leaving directory '/home/etg/git/Core3/build/CMakeFiles/CMakeTmp'



Detecting C compiler ABI info compiled with the following output:
Change Dir: /home/etg/git/Core3/build/CMakeFiles/CMakeTmp

Run Build Command(s):/usr/bin/make cmTC_120cd/fast && /usr/bin/make -f CMakeFiles/cmTC_120cd.dir/build.make CMakeFiles/cmTC_120cd.dir/build
make[1]: Entering directory '/home/etg/git/Core3/build/CMakeFiles/CMakeTmp'
Building C object CMakeFiles/cmTC_120cd.dir/CMakeCCompilerABI.c.o
/usr/bin/gcc   -v -o CMakeFiles/cmTC_120cd.dir/CMakeCCompilerABI.c.o   -c /usr/share/cmake-3.16/Modules/CMakeCCompilerABI.c
Using built-in specs.
COLLECT_GCC=/usr/bin/gcc
OFFLOAD_TARGET_NAMES=nvptx-none:hsa
OFFLOAD_TARGET_DEFAULT=1
Target: x86_64-linux-gnu
Configured with: ../src/configure -v --with-pkgversion='Ubuntu 9.4.0-1ubuntu1~20.04.1' --with-bugurl=file:///usr/share/doc/gcc-9/README.Bugs --enable-languages=c,ada,c++,go,brig,d,fortran,objc,obj-c++,gm2 --prefix=/usr --with-gcc-major-version-only --program-suffix=-9 --program-prefix=x86_64-linux-gnu- --enable-shared --enable-linker-build-id --libexecdir=/usr/lib --without-included-gettext --enable-threads=posix --libdir=/usr/lib --enable-nls --enable-clocale=gnu --enable-libstdcxx-debug --enable-libstdcxx-time=yes --with-default-libstdcxx-abi=new --enable-gnu-unique-object --disable-vtable-verify --enable-plugin --enable-default-pie --with-system-zlib --with-target-system-zlib=auto --enable-objc-gc=auto --enable-multiarch --disable-werror --with-arch-32=i686 --with-abi=m64 --with-multilib-list=m32,m64,mx32 --enable-multilib --with-tune=generic --enable-offload-targets=nvptx-none=/build/gcc-9-Av3uEd/gcc-9-9.4.0/debian/tmp-nvptx/usr,hsa --without-cuda-driver --enable-checking=release --build=x86_64-linux-gnu --host=x86_64-linux-gnu --target=x86_64-linux-gnu
Thread model: posix
gcc version 9.4.0 (Ubuntu 9.4.0-1ubuntu1~20.04.1) 
COLLECT_GCC_OPTIONS='-v' '-o' 'CMakeFiles/cmTC_120cd.dir/CMakeCCompilerABI.c.o' '-c' '-mtune=generic' '-march=x86-64'
 /usr/lib/gcc/x86_64-linux-gnu/9/cc1 -quiet -v -imultiarch x86_64-linux-gnu /usr/share/cmake-3.16/Modules/CMakeCCompilerABI.c -quiet -dumpbase CMakeCCompilerABI.c -mtune=generic -march=x86-64 -auxbase-strip CMakeFiles/cmTC_120cd.dir/CMakeCCompilerABI.c.o -version -fasynchronous-unwind-tables -fstack-protector-strong -Wformat -Wformat-security -fstack-clash-protection -fcf-protection -o /tmp/ccJ8WNpZ.s
GNU C17 (Ubuntu 9.4.0-1ubuntu1~20.04.1) version 9.4.0 (x86_64-linux-gnu)
	compiled by GNU C version 9.4.0, GMP version 6.2.0, MPFR version 4.0.2, MPC version 1.1.0, isl version isl-0.22.1-GMP

GGC heuristics: --param ggc-min-expand=100 --param ggc-min-heapsize=131072
ignoring nonexistent directory "/usr/local/include/x86_64-linux-gnu"
ignoring nonexistent directory "/usr/lib/gcc/x86_64-linux-gnu/9/include-fixed"
ignoring nonexistent directory "/usr/lib/gcc/x86_64-linux-gnu/9/../../../../x86_64-linux-gnu/include"
#include "..." search starts here:
#include <...> search starts here:
 /usr/lib/gcc/x86_64-linux-gnu/9/include
 /usr/local/include
 /usr/include/x86_64-linux-gnu
 /usr/include
End of search list.
GNU C17 (Ubuntu 9.4.0-1ubuntu1~20.04.1) version 9.4.0 (x86_64-linux-gnu)
	compiled by GNU C version 9.4.0, GMP version 6.2.0, MPFR version 4.0.2, MPC version 1.1.0, isl version isl-0.22.1-GMP

GGC heuristics: --param ggc-min-expand=100 --param ggc-min-heapsize=131072
Compiler executable checksum: c0c95c0b4209efec1c1892d5ff24030b
COLLECT_GCC_OPTIONS='-v' '-o' 'CMakeFiles/cmTC_120cd.dir/CMakeCCompilerABI.c.o' '-c' '-mtune=generic' '-march=x86-64'
 as -v --64 -o CMakeFiles/cmTC_120cd.dir/CMakeCCompilerABI.c.o /tmp/ccJ8WNpZ.s
GNU assembler version 2.34 (x86_64-linux-gnu) using BFD version (GNU Binutils for Ubuntu) 2.34
COMPILER_PATH=/usr/lib/gcc/x86_64-linux-gnu/9/:/usr/lib/gcc/x86_64-linux-gnu/9/:/usr/lib/gcc/x86_64-linux-gnu/:/usr/lib/gcc/x86_64-linux-gnu/9/:/usr/lib/gcc/x86_64-linux-gnu/
LIBRARY_PATH=/usr/lib/gcc/x86_64-linux-gnu/9/:/usr/lib/gcc/x86_64-linux-gnu/9/../../../x86_64-linux-gnu/:/usr/lib/gcc/x86_64-linux-gnu/9/../../../../lib/:/lib/x86_64-linux-gnu/:/lib/../lib/:/usr/lib/x86_64-linux-gnu/:/usr/lib/../lib/:/usr/lib/gcc/x86_64-linux-gnu/9/../../../:/lib/:/usr/lib/
COLLECT_GCC_OPTIONS='-v' '-o' 'CMakeFiles/cmTC_120cd.dir/CMakeCCompilerABI.c.o' '-c' '-mtune=generic' '-march=x86-64'
Linking C executable cmTC_120cd
/usr/bin/cmake -E cmake_link_script CMakeFiles/cmTC_120cd.dir/link.txt --verbose=1
/usr/bin/gcc     -v -rdynamic CMakeFiles/cmTC_120cd.dir/CMakeCCompilerABI.c.o  -o cmTC_120cd 
Using built-in specs.
COLLECT_GCC=/usr/bin/gcc
COLLECT_LTO_WRAPPER=/usr/lib/gcc/x86_64-linux-gnu/9/lto-wrapper
OFFLOAD_TARGET_NAMES=nvptx-none:hsa
OFFLOAD_TARGET_DEFAULT=1
Target: x86_64-linux-gnu
Configured with: ../src/configure -v --with-pkgversion='Ubuntu 9.4.0-1ubuntu1~20.04.1' --with-bugurl=file:///usr/share/doc/gcc-9/README.Bugs --enable-languages=c,ada,c++,go,brig,d,fortran,objc,obj-c++,gm2 --prefix=/usr --with-gcc-major-version-only --program-suffix=-9 --program-prefix=x86_64-linux-gnu- --enable-shared --enable-linker-build-id --libexecdir=/usr/lib --without-included-gettext --enable-threads=posix --libdir=/usr/lib --enable-nls --enable-clocale=gnu --enable-libstdcxx-debug --enable-libstdcxx-time=yes --with-default-libstdcxx-abi=new --enable-gnu-unique-object --disable-vtable-verify --enable-plugin --enable-default-pie --with-system-zlib --with-target-system-zlib=auto --enable-objc-gc=auto --enable-multiarch --disable-werror --with-arch-32=i686 --with-abi=m64 --with-multilib-list=m32,m64,mx32 --enable-multilib --with-tune=generic --enable-offload-targets=nvptx-none=/build/gcc-9-Av3uEd/gcc-9-9.4.0/debian/tmp-nvptx/usr,hsa --without-cuda-driver --enable-checking=release --build=x86_64-linux-gnu --host=x86_64-linux-gnu --target=x86_64-linux-gnu
Thread model: posix
gcc version 9.4.0 (Ubuntu 9.4.0-1ubuntu1~20.04.1) 
COMPILER_PATH=/usr/lib/gcc/x86_64-linux-gnu/9/:/usr/lib/gcc/x86_64-linux-gnu/9/:/usr/lib/gcc/x86_64-linux-gnu/:/usr/lib/gcc/x86_64-linux-gnu/9/:/usr/lib/gcc/x86_64-linux-gnu/
LIBRARY_PATH=/usr/lib/gcc/x86_64-linux-gnu/9/:/usr/lib/gcc/x86_64-linux-gnu/9/../../../x86_64-linux-gnu/:/usr/lib/gcc/x86_64-linux-gnu/9/../../../../lib/:/lib/x86_64-linux-gnu/:/lib/../lib/:/usr/lib/x86_64-linux-gnu/:/usr/lib/../lib/:/usr/lib/gcc/x86_64-linux-gnu/9/../../../:/lib/:/usr/lib/
COLLECT_GCC_OPTIONS='-v' '-rdynamic' '-o' 'cmTC_120cd' '-mtune=generic' '-march=x86-64'
 /usr/lib/gcc/x86_64-linux-gnu/9/collect2 -plugin /usr/lib/gcc/x86_64-linux-gnu/9/liblto_plugin.so -plugin-opt=/usr/lib/gcc/x86_64-linux-gnu/9/lto-wrapper -plugin-opt=-fresolution=/tmp/ccpF8zFu.res -plugin-opt=-pass-through=-lgcc -plugin-opt=-pass-through=-lgcc_s -plugin-opt=-pass-through=-lc -plugin-opt=-pass-through=-lgcc -plugin-opt=-pass-through=-lgcc_s --build-id --eh-frame-hdr -m elf_x86_64 --hash-style=gnu --as-needed -export-dynamic -dynamic-linker /lib64/ld-linux-x86-64.so.2 -pie -z now -z relro -o cmTC_120cd /usr/lib/gcc/x86_64-linux-gnu/9/../../../x86_64-linux-gnu/Scrt1.o /usr/lib/gcc/x86_64-linux-gnu/9/../../../x86_64-linux-gnu/crti.o /usr/lib/gcc/x86_64-linux-gnu/9/crtbeginS.o -L/usr/lib/gcc/x86_64-linux-gnu/9 -L/usr/lib/gcc/x86_64-linux-gnu/9/../../../x86_64-linux-gnu -L/usr/lib/gcc/x86_64-linux-gnu/9/../../../../lib -L/lib/x86_64-linux-gnu -L/lib/../lib -L/usr/lib/x86_64-linux-gnu -L/usr/lib/../lib -L/usr/lib/gcc/x86_64-linux-gnu/9/../../.. CMakeFiles/cmTC_120cd.dir/CMakeCCompilerABI.c.o -lgcc --push-state --as-needed -lgcc_s --pop-state -lc -lgcc --push-state --as-needed -lgcc_s --pop-state /usr/lib/gcc/x86_64-linux-gnu/9/crtendS.o /usr/lib/gcc/x86_64-linux-gnu/9/../../../x86_64-linux-gnu/crtn.o
COLLECT_GCC_OPTIONS='-v' '-rdynamic' '-o' 'cmTC_120cd' '-mtune=generic' '-march=x86-64'
make[1]: Leaving directory '/home/etg/git/Core3/build/CMakeFiles/CMakeTmp'



Parsed C implicit include dir info from above output: rv=done
  found start of include info
  found start of implicit include info
    add: [/usr/lib/gcc/x86_64-linux-gnu/9/include]
    add: [/usr/local/include]
    add: [/usr/include/x86_64-linux-gnu]
    add: [/usr/include]
  end of search list found
  collapse include dir [/usr/lib/gcc/x86_64-linux-gnu/9/include] ==> [/usr/lib/gcc/x86_64-linux-gnu/9/include]
  collapse include dir [/usr/local/include] ==> [/usr/local/include]
  collapse include dir [/usr/include/x86_64-linux-gnu] ==> [/usr/include/x86_64-linux-gnu]
  collapse include dir [/usr/include] ==> [/usr/include]
  implicit include dirs: [/usr/lib/gcc/x86_64-linux-gnu/9/include;/usr/local/include;/usr/include/x86_64-linux-gnu;/usr/include]


Parsed C implicit link information from above output:
  link line regex: [^( *|.*[/\])(ld|CMAKE_LINK_STARTFILE-NOTFOUND|([^/\]+-)?ld|collect2)[^/\]*( |$)]
  ignore line: [Change Dir: /home/etg/git/Core3/build/CMakeFiles/CMakeTmp]
  ignore line: []
  ignore line: [Run Build Command(s):/usr/bin/make cmTC_120cd/fast && /usr/bin/make -f CMakeFiles/cmTC_120cd.dir/build.make CMakeFiles/cmTC_120cd.dir/build]
  ignore line: [make[1]: Entering directory '/home/etg/git/Core3/build/CMakeFiles/CMakeTmp']
  ignore line: [Building C object CMakeFiles/cmTC_120cd.dir/CMakeCCompilerABI.c.o]
  ignore line: [/usr/bin/gcc   -v -o CMakeFiles/cmTC_120cd.dir/CMakeCCompilerABI.c.o   -c /usr/share/cmake-3.16/Modules/CMakeCCompilerABI.c]
  ignore line: [Using built-in specs.]
  ignore line: [COLLECT_GCC=/usr/bin/gcc]
  ignore line: [OFFLOAD_TARGET_NAMES=nvptx-none:hsa]
  ignore line: [OFFLOAD_TARGET_DEFAULT=1]
  ignore line: [Target: x86_64-linux-gnu]
  ignore line: [Configured with: ../src/configure -v --with-pkgversion='Ubuntu 9.4.0-1ubuntu1~20.04.1' --with-bugurl=file:///usr/share/doc/gcc-9/README.Bugs --enable-languages=c ada c++ go brig d fortran objc obj-c++ gm2 --prefix=/usr --with-gcc-major-version-only --program-suffix=-9 --program-prefix=x86_64-linux-gnu- --enable-shared --enable-linker-build-id --libexecdir=/usr/lib --without-included-gettext --enable-threads=posix --libdir=/usr/lib --enable-nls --enable-clocale=gnu --enable-libstdcxx-debug --enable-libstdcxx-time=yes --with-default-libstdcxx-abi=new --enable-gnu-unique-object --disable-vtable-verify --enable-plugin --enable-default-pie --with-system-zlib --with-target-system-zlib=auto --enable-objc-gc=auto --enable-multiarch --disable-werror --with-arch-32=i686 --with-abi=m64 --with-multilib-list=m32 m64 mx32 --enable-multilib --with-tune=generic --enable-offload-targets=nvptx-none=/build/gcc-9-Av3uEd/gcc-9-9.4.0/debian/tmp-nvptx/usr hsa --without-cuda-driver --enable-checking=release --build=x86_64-linux-gnu --host=x86_64-linux-gnu --target=x86_64-linux-gnu]
  ignore line: [Thread model: posix]
  ignore line: [gcc version 9.4.0 (Ubuntu 9.4.0-1ubuntu1~20.04.1) ]
  ignore line: [COLLECT_GCC_OPTIONS='-v' '-o' 'CMakeFiles/cmTC_120cd.dir/CMakeCCompilerABI.c.o' '-c' '-mtune=generic' '-march=x86-64']
  ignore line: [ /usr/lib/gcc/x86_64-linux-gnu/9/cc1 -quiet -v -imultiarch x86_64-linux-gnu /usr/share/cmake-3.16/Modules/CMakeCCompilerABI.c -quiet -dumpbase CMakeCCompilerABI.c -mtune=generic -march=x86-64 -auxbase-strip CMakeFiles/cmTC_120cd.dir/CMakeCCompilerABI.c.o -version -fasynchronous-unwind-tables -fstack-protector-strong -Wformat -Wformat-security -fstack-clash-protection -fcf-protection -o /tmp/ccJ8WNpZ.s]
  ignore line: [GNU C17 (Ubuntu 9.4.0-1ubuntu1~20.04.1) version 9.4.0 (x86_64-linux-gnu)]
  ignore line: [	compiled by GNU C version 9.4.0  GMP version 6.2.0  MPFR version 4.0.2  MPC version 1.1.0  isl version isl-0.22.1-GMP]
  ignore line: []
  ignore line: [GGC heuristics: --param ggc-min-expand=100 --param ggc-min-heapsize=131072]
  ignore line: [ignoring nonexistent directory "/usr/local/include/x86_64-linux-gnu"]
  ignore line: [ignoring nonexistent directory "/usr/lib/gcc/x86_64-linux-gnu/9/include-fixed"]
  ignore line: [ignoring nonexistent directory "/usr/lib/gcc/x86_64-linux-gnu/9/../../../../x86_64-linux-gnu/include"]
  ignore line: [#include "..." search starts here:]
  ignore line: [#include <...> search starts here:]
  ignore line: [ /usr/lib/gcc/x86_64-linux-gnu/9/include]
  ignore line: [ /usr/local/include]
  ignore line: [ /usr/include/x86_64-linux-gnu]
  ignore line: [ /usr/include]
  ignore line: [End of search list.]
  ignore line: [GNU C17 (Ubuntu 9.4.0-1ubuntu1~20.04.1) version 9.4.0 (x86_64-linux-gnu)]
  ignore line: [	compiled by GNU C version 9.4.0  GMP version 6.2.0  MPFR version 4.0.2  MPC version 1.1.0  isl version isl-0.22.1-GMP]
  ignore line: []
  ignore line: [GGC heuristics: --param ggc-min-expand=100 --param ggc-min-heapsize=131072]
  ignore line: [Compiler executable checksum: c0c95c0b4209efec1c1892d5ff24030b]
  ignore line: [COLLECT_GCC_OPTIONS='-v' '-o' 'CMakeFiles/cmTC_120cd.dir/CMakeCCompilerABI.c.o' '-c' '-mtune=generic' '-march=x86-64']
  ignore line: [ as -v --64 -o CMakeFiles/cmTC_120cd.dir/CMakeCCompilerABI.c.o /tmp/ccJ8WNpZ.s]
  ignore line: [GNU assembler version 2.34 (x86_64-linux-gnu) using BFD version (GNU Binutils for Ubuntu) 2.34]
  ignore line: [COMPILER_PATH=/usr/lib/gcc/x86_64-linux-gnu/9/:/usr/lib/gcc/x86_64-linux-gnu/9/:/usr/lib/gcc/x86_64-linux-gnu/:/usr/lib/gcc/x86_64-linux-gnu/9/:/usr/lib/gcc/x86_64-linux-gnu/]
  ignore line: [LIBRARY_PATH=/usr/lib/gcc/x86_64-linux-gnu/9/:/usr/lib/gcc/x86_64-linux-gnu/9/../../../x86_64-linux-gnu/:/usr/lib/gcc/x86_64-linux-gnu/9/../../../../lib/:/lib/x86_64-linux-gnu/:/lib/../lib/:/usr/lib/x86_64-linux-gnu/:/usr/lib/../lib/:/usr/lib/gcc/x86_64-linux-gnu/9/../../../:/lib/:/usr/lib/]
  ignore line: [COLLECT_GCC_OPTIONS='-v' '-o' 'CMakeFiles/cmTC_120cd.dir/CMakeCCompilerABI.c.o' '-c' '-mtune=generic' '-march=x86-64']
  ignore line: [Linking C executable cmTC_120cd]
  ignore line: [/usr/bin/cmake -E cmake_link_script CMakeFiles/cmTC_120cd.dir/link.txt --verbose=1]
  ignore line: [/usr/bin/gcc     -v -rdynamic CMakeFiles/cmTC_120cd.dir/CMakeCCompilerABI.c.o  -o cmTC_120cd ]
  ignore line: [Using built-in specs.]
  ignore line: [COLLECT_GCC=/usr/bin/gcc]
  ignore line: [COLLECT_LTO_WRAPPER=/usr/lib/gcc/x86_64-linux-gnu/9/lto-wrapper]
  ignore line: [OFFLOAD_TARGET_NAMES=nvptx-none:hsa]
  ignore line: [OFFLOAD_TARGET_DEFAULT=1]
  ignore line: [Target: x86_64-linux-gnu]
  ignore line: [Configured with: ../src/configure -v --with-pkgversion='Ubuntu 9.4.0-1ubuntu1~20.04.1' --with-bugurl=file:///usr/share/doc/gcc-9/README.Bugs --enable-languages=c ada c++ go brig d fortran objc obj-c++ gm2 --prefix=/usr --with-gcc-major-version-only --program-suffix=-9 --program-prefix=x86_64-linux-gnu- --enable-shared --enable-linker-build-id --libexecdir=/usr/lib --without-included-gettext --enable-threads=posix --libdir=/usr/lib --enable-nls --enable-clocale=gnu --enable-libstdcxx-debug --enable-libstdcxx-time=yes --with-default-libstdcxx-abi=new --enable-gnu-unique-object --disable-vtable-verify --enable-plugin --enable-default-pie --with-system-zlib --with-target-system-zlib=auto --enable-objc-gc=auto --enable-multiarch --disable-werror --with-arch-32=i686 --with-abi=m64 --with-multilib-list=m32 m64 mx32 --enable-multilib --with-tune=generic --enable-offload-targets=nvptx-none=/build/gcc-9-Av3uEd/gcc-9-9.4.0/debian/tmp-nvptx/usr hsa --without-cuda-driver --enable-checking=release --build=x86_64-linux-gnu --host=x86_64-linux-gnu --target=x86_64-linux-gnu]
  ignore line: [Thread model: posix]
  ignore line: [gcc version 9.4.0 (Ubuntu 9.4.0-1ubuntu1~20.04.1) ]
  ignore line: [COMPILER_PATH=/usr/lib/gcc/x86_64-linux-gnu/9/:/usr/lib/gcc/x86_64-linux-gnu/9/:/usr/lib/gcc/x86_64-linux-gnu/:/usr/lib/gcc/x86_64-linux-gnu/9/:/usr/lib/gcc/x86_64-linux-gnu/]
  ignore line: [LIBRARY_PATH=/usr/lib/gcc/x86_64-linux-gnu/9/:/usr/lib/gcc/x86_64-linux-gnu/9/../../../x86_64-linux-gnu/:/usr/lib/gcc/x86_64-linux-gnu/9/../../../../lib/:/lib/x86_64-linux-gnu/:/lib/../lib/:/usr/lib/x86_64-linux-gnu/:/usr/lib/../lib/:/usr/lib/gcc/x86_64-linux-gnu/9/../../../:/lib/:/usr/lib/]
  ignore line: [COLLECT_GCC_OPTIONS='-v' '-rdynamic' '-o' 'cmTC_120cd' '-mtune=generic' '-march=x86-64']
  link line: [ /usr/lib/gcc/x86_64-linux-gnu/9/collect2 -plugin /usr/lib/gcc/x86_64-linux-gnu/9/liblto_plugin.so -plugin-opt=/usr/lib/gcc/x86_64-linux-gnu/9/lto-wrapper -plugin-opt=-fresolution=/tmp/ccpF8zFu.res -plugin-opt=-pass-through=-lgcc -plugin-opt=-pass-through=-lgcc_s -plugin-opt=-pass-through=-lc -plugin-opt=-pass-through=-lgcc -plugin-opt=-pass-through=-lgcc_s --build-id --eh-frame-hdr -m elf_x86_64 --hash-style=gnu --as-needed -export-dynamic -dynamic-linker /lib64/ld-linux-x86-64.so.2 -pie -z now -z relro -o cmTC_120cd /usr/lib/gcc/x86_64-linux-gnu/9/../../../x86_64-linux-gnu/Scrt1.o /usr/lib/gcc/x86_64-linux-gnu/9/../../../x86_64-linux-gnu/crti.o /usr/lib/gcc/x86_64-linux-gnu/9/crtbeginS.o -L/usr/lib/gcc/x86_64-linux-gnu/9 -L/usr/lib/gcc/x86_64-linux-gnu/9/../../../x86_64-linux-gnu -L/usr/lib/gcc/x86_64-linux-gnu/9/../../../../lib -L/lib/x86_64-linux-gnu -L/lib/../lib -L/usr/lib/x86_64-linux-gnu -L/usr/lib/../lib -L/usr/lib/gcc/x86_64-linux-gnu/9/../../.. CMakeFiles/cmTC_120cd.dir/CMakeCCompilerABI.c.o -lgcc --push-state --as-needed -lgcc_s --pop-state -lc -lgcc --push-state --as-needed -lgcc_s --pop-state /usr/lib/gcc/x86_64-linux-gnu/9/crtendS.o /usr/lib/gcc/x86_64-linux-gnu/9/../../../x86_64-linux-gnu/crtn.o]
    arg [/usr/lib/gcc/x86_64-linux-gnu/9/collect2] ==> ignore
    arg [-plugin] ==> ignore
    arg [/usr/lib/gcc/x86_64-linux-gnu/9/liblto_plugin.so] ==> ignore
    arg [-plugin-opt=/usr/lib/gcc/x86_64-linux-gnu/9/lto-wrapper] ==> ignore
    arg [-plugin-opt=-fresolution=/tmp/ccpF8zFu.res] ==> ignore
    arg [-plugin-opt=-pass-through=-lgcc] ==> ignore
    arg [-plugin-opt=-pass-through=-lgcc_s] ==> ignore
    arg [-plugin-opt=-pass-through=-lc] ==> ignore
    arg [-plugin-opt=-pass-through=-lgcc] ==> ignore
    arg [-plugin-opt=-pass-through=-lgcc_s] ==> ignore
    arg [--build-id] ==> ignore
    arg [--eh-frame-hdr] ==> ignore
    arg [-m] ==> ignore
    arg [elf_x86_64] ==> ignore
    arg [--hash-style=gnu] ==> ignore
    arg [--as-needed] ==> ignore
    arg [-export-dynamic] ==> ignore
    arg [-dynamic-linker] ==> ignore
    arg [/lib64/ld-linux-x86-64.so.2] ==> ignore
    arg [-pie] ==> ignore
    arg [-znow] ==> ignore
    arg [-zrelro] ==> ignore
    arg [-o] ==> ignore
    arg [cmTC_120cd] ==> ignore
    arg [/usr/lib/gcc/x86_64-linux-gnu/9/../../../x86_64-linux-gnu/Scrt1.o] ==> ignore
    arg [/usr/lib/gcc/x86_64-linux-gnu/9/../../../x86_64-linux-gnu/crti.o] ==> ignore
    arg [/usr/lib/gcc/x86_64-linux-gnu/9/crtbeginS.o] ==> ignore
    arg [-L/usr/lib/gcc/x86_64-linux-gnu/9] ==> dir [/usr/lib/gcc/x86_64-linux-gnu/9]
    arg [-L/usr/lib/gcc/x86_64-linux-gnu/9/../../../x86_64-linux-gnu] ==> dir [/usr/lib/gcc/x86_64-linux-gnu/9/../../../x86_64-linux-gnu]
    arg [-L/usr/lib/gcc/x86_64-linux-gnu/9/../../../../lib] ==> dir [/usr/lib/gcc/x86_64-linux-gnu/9/../../../../lib]
    arg [-L/lib/x86_64-linux-gnu] ==> dir [/lib/x86_64-linux-gnu]
    arg [-L/lib/../lib] ==> dir [/lib/../lib]
    arg [-L/usr/lib/x86_64-linux-gnu] ==> dir [/usr/lib/x86_64-linux-gnu]
    arg [-L/usr/lib/../lib] ==> dir [/usr/lib/../lib]
    arg [-L/usr/lib/gcc/x86_64-linux-gnu/9/../../..] ==> dir [/usr/lib/gcc/x86_64-linux-gnu/9/../../..]
    arg [CMakeFiles/cmTC_120cd.dir/CMakeCCompilerABI.c.o] ==> ignore
    arg [-lgcc] ==> lib [gcc]
    arg [--push-state] ==> ignore
    arg [--as-needed] ==> ignore
    arg [-lgcc_s] ==> lib [gcc_s]
    arg [--pop-state] ==> ignore
    arg [-lc] ==> lib [c]
    arg [-lgcc] ==> lib [gcc]
    arg [--push-state] ==> ignore
    arg [--as-needed] ==> ignore
    arg [-lgcc_s] ==> lib [gcc_s]
    arg [--pop-state] ==> ignore
    arg [/usr/lib/gcc/x86_64-linux-gnu/9/crtendS.o] ==> ignore
    arg [/usr/lib/gcc/x86_64-linux-gnu/9/../../../x86_64-linux-gnu/crtn.o] ==> ignore
  collapse library dir [/usr/lib/gcc/x86_64-linux-gnu/9] ==> [/usr/lib/gcc/x86_64-linux-gnu/9]
  collapse library dir [/usr/lib/gcc/x86_64-linux-gnu/9/../../../x86_64-linux-gnu] ==> [/usr/lib/x86_64-linux-gnu]
  collapse library dir [/usr/lib/gcc/x86_64-linux-gnu/9/../../../../lib] ==> [/usr/lib]
  collapse library dir [/lib/x86_64-linux-gnu] ==> [/lib/x86_64-linux-gnu]
  collapse library dir [/lib/../lib] ==> [/lib]
  collapse library dir [/usr/lib/x86_64-linux-gnu] ==> [/usr/lib/x86_64-linux-gnu]
  collapse library dir [/usr/lib/../lib] ==> [/usr/lib]
  collapse library dir [/usr/lib/gcc/x86_64-linux-gnu/9/../../..] ==> [/usr/lib]
  implicit libs: [gcc;gcc_s;c;gcc;gcc_s]
  implicit dirs: [/usr/lib/gcc/x86_64-linux-gnu/9;/usr/lib/x86_64-linux-gnu;/usr/lib;/lib/x86_64-linux-gnu;/lib]
  implicit fwks: []


Determining if the include file pthread.h exists passed with the following output:
Change Dir: /home/etg/git/Core3/build/CMakeFiles/CMakeTmp

Run Build Command(s):/usr/bin/make cmTC_c412b/fast && /usr/bin/make -f CMakeFiles/cmTC_c412b.dir/build.make CMakeFiles/cmTC_c412b.dir/build
make[1]: Entering directory '/home/etg/git/Core3/build/CMakeFiles/CMakeTmp'
Building C object CMakeFiles/cmTC_c412b.dir/CheckIncludeFile.c.o
/usr/bin/gcc    -o CMakeFiles/cmTC_c412b.dir/CheckIncludeFile.c.o   -c /home/etg/git/Core3/build/CMakeFiles/CMakeTmp/CheckIncludeFile.c
Linking C executable cmTC_c412b
/usr/bin/cmake -E cmake_link_script CMakeFiles/cmTC_c412b.dir/link.txt --verbose=1
/usr/bin/gcc      -rdynamic CMakeFiles/cmTC_c412b.dir/CheckIncludeFile.c.o  -o cmTC_c412b 
make[1]: Leaving directory '/home/etg/git/Core3/build/CMakeFiles/CMakeTmp'



Performing C++ SOURCE FILE Test CxxFlag-Wall succeeded with the following output:
Change Dir: /home/etg/git/Core3/build/CMakeFiles/CMakeTmp

Run Build Command(s):/usr/bin/make cmTC_52380/fast && /usr/bin/make -f CMakeFiles/cmTC_52380.dir/build.make CMakeFiles/cmTC_52380.dir/build
make[1]: Entering directory '/home/etg/git/Core3/build/CMakeFiles/CMakeTmp'
Building CXX object CMakeFiles/cmTC_52380.dir/src.cxx.o
/usr/bin/g++    -DCxxFlag-Wall   -Wall -o CMakeFiles/cmTC_52380.dir/src.cxx.o -c /home/etg/git/Core3/build/CMakeFiles/CMakeTmp/src.cxx
<command-line>: warning: ISO C++11 requires whitespace after the macro name
Linking CXX executable cmTC_52380
/usr/bin/cmake -E cmake_link_script CMakeFiles/cmTC_52380.dir/link.txt --verbose=1
/usr/bin/g++   -DCxxFlag-Wall    -rdynamic CMakeFiles/cmTC_52380.dir/src.cxx.o  -o cmTC_52380 
make[1]: Leaving directory '/home/etg/git/Core3/build/CMakeFiles/CMakeTmp'


Source file was:
int main() { return 0; }
Performing C++ SOURCE FILE Test CxxFlag-Wextra succeeded with the following output:
Change Dir: /home/etg/git/Core3/build/CMakeFiles/CMakeTmp

Run Build Command(s):/usr/bin/make cmTC_07d2c/fast && /usr/bin/make -f CMakeFiles/cmTC_07d2c.dir/build.make CMakeFiles/cmTC_07d2c.dir/build
make[1]: Entering directory '/home/etg/git/Core3/build/CMakeFiles/CMakeTmp'
Building CXX object CMakeFiles/cmTC_07d2c.dir/src.cxx.o
/usr/bin/g++    -Wall -DCxxFlag-Wextra   -Wextra -o CMakeFiles/cmTC_07d2c.dir/src.cxx.o -c /home/etg/git/Core3/build/CMakeFiles/CMakeTmp/src.cxx
<command-line>: warning: ISO C++11 requires whitespace after the macro name
Linking CXX executable cmTC_07d2c
/usr/bin/cmake -E cmake_link_script CMakeFiles/cmTC_07d2c.dir/link.txt --verbose=1
/usr/bin/g++   -Wall -DCxxFlag-Wextra    -rdynamic CMakeFiles/cmTC_07d2c.dir/src.cxx.o  -o cmTC_07d2c 
make[1]: Leaving directory '/home/etg/git/Core3/build/CMakeFiles/CMakeTmp'


Source file was:
int main() { return 0; }
Performing C++ SOURCE FILE Test CxxFlag-Wno-unused succeeded with the following output:
Change Dir: /home/etg/git/Core3/build/CMakeFiles/CMakeTmp

Run Build Command(s):/usr/bin/make cmTC_58d19/fast && /usr/bin/make -f CMakeFiles/cmTC_58d19.dir/build.make CMakeFiles/cmTC_58d19.dir/build
make[1]: Entering directory '/home/etg/git/Core3/build/CMakeFiles/CMakeTmp'
Building CXX object CMakeFiles/cmTC_58d19.dir/src.cxx.o
/usr/bin/g++    -Wall -Wextra -DCxxFlag-Wno-unused   -Wno-unused -o CMakeFiles/cmTC_58d19.dir/src.cxx.o -c /home/etg/git/Core3/build/CMakeFiles/CMakeTmp/src.cxx
<command-line>: warning: ISO C++11 requires whitespace after the macro name
Linking CXX executable cmTC_58d19
/usr/bin/cmake -E cmake_link_script CMakeFiles/cmTC_58d19.dir/link.txt --verbose=1
/usr/bin/g++   -Wall -Wextra -DCxxFlag-Wno-unused    -rdynamic CMakeFiles/cmTC_58d19.dir/src.cxx.o  -o cmTC_58d19 
make[1]: Leaving directory '/home/etg/git/Core3/build/CMakeFiles/CMakeTmp'


Source file was:
int main() { return 0; }
Performing C++ SOURCE FILE Test CxxFlag-Wno-sign-compare succeeded with the following output:
Change Dir: /home/etg/git/Core3/build/CMakeFiles/CMakeTmp

Run Build Command(s):/usr/bin/make cmTC_3a8a4/fast && /usr/bin/make -f CMakeFiles/cmTC_3a8a4.dir/build.make CMakeFiles/cmTC_3a8a4.dir/build
make[1]: Entering directory '/home/etg/git/Core3/build/CMakeFiles/CMakeTmp'
Building CXX object CMakeFiles/cmTC_3a8a4.dir/src.cxx.o
/usr/bin/g++    -Wall -Wextra -Wno-unused -DCxxFlag-Wno-sign-compare   -Wno-sign-compare -o CMakeFiles/cmTC_3a8a4.dir/src.cxx.o -c /home/etg/git/Core3/build/CMakeFiles/CMakeTmp/src.cxx
<command-line>: warning: ISO C++11 requires whitespace after the macro name
Linking CXX executable cmTC_3a8a4
/usr/bin/cmake -E cmake_link_script CMakeFiles/cmTC_3a8a4.dir/link.txt --verbose=1
/usr/bin/g++   -Wall -Wextra -Wno-unused -DCxxFlag-Wno-sign-compare    -rdynamic CMakeFiles/cmTC_3a8a4.dir/src.cxx.o  -o cmTC_3a8a4 
make[1]: Leaving directory '/home/etg/git/Core3/build/CMakeFiles/CMakeTmp'


Source file was:
int main() { return 0; }
Performing C++ SOURCE FILE Test CxxFlag-Wno-multichar succeeded with the following output:
Change Dir: /home/etg/git/Core3/build/CMakeFiles/CMakeTmp

Run Build Command(s):/usr/bin/make cmTC_b2135/fast && /usr/bin/make -f CMakeFiles/cmTC_b2135.dir/build.make CMakeFiles/cmTC_b2135.dir/build
make[1]: Entering directory '/home/etg/git/Core3/build/CMakeFiles/CMakeTmp'
Building CXX object CMakeFiles/cmTC_b2135.dir/src.cxx.o
/usr/bin/g++    -Wall -Wextra -Wno-unused -Wno-sign-compare -DCxxFlag-Wno-multichar   -Wno-multichar -o CMakeFiles/cmTC_b2135.dir/src.cxx.o -c /home/etg/git/Core3/build/CMakeFiles/CMakeTmp/src.cxx
<command-line>: warning: ISO C++11 requires whitespace after the macro name
Linking CXX executable cmTC_b2135
/usr/bin/cmake -E cmake_link_script CMakeFiles/cmTC_b2135.dir/link.txt --verbose=1
/usr/bin/g++   -Wall -Wextra -Wno-unused -Wno-sign-compare -DCxxFlag-Wno-multichar    -rdynamic CMakeFiles/cmTC_b2135.dir/src.cxx.o  -o cmTC_b2135 
make[1]: Leaving directory '/home/etg/git/Core3/build/CMakeFiles/CMakeTmp'


Source file was:
int main() { return 0; }
Performing C++ SOURCE FILE Test CxxFlag-Wno-unused-parameter succeeded with the following output:
Change Dir: /home/etg/git/Core3/build/CMakeFiles/CMakeTmp

Run Build Command(s):/usr/bin/make cmTC_53b80/fast && /usr/bin/make -f CMakeFiles/cmTC_53b80.dir/build.make CMakeFiles/cmTC_53b80.dir/build
make[1]: Entering directory '/home/etg/git/Core3/build/CMakeFiles/CMakeTmp'
Building CXX object CMakeFiles/cmTC_53b80.dir/src.cxx.o
/usr/bin/g++    -Wall -Wextra -Wno-unused -Wno-sign-compare -Wno-multichar -DCxxFlag-Wno-unused-parameter   -Wno-unused-parameter -o CMakeFiles/cmTC_53b80.dir/src.cxx.o -c /home/etg/git/Core3/build/CMakeFiles/CMakeTmp/src.cxx
<command-line>: warning: ISO C++11 requires whitespace after the macro name
Linking CXX executable cmTC_53b80
/usr/bin/cmake -E cmake_link_script CMakeFiles/cmTC_53b80.dir/link.txt --verbose=1
/usr/bin/g++   -Wall -Wextra -Wno-unused -Wno-sign-compare -Wno-multichar -DCxxFlag-Wno-unused-parameter    -rdynamic CMakeFiles/cmTC_53b80.dir/src.cxx.o  -o cmTC_53b80 
make[1]: Leaving directory '/home/etg/git/Core3/build/CMakeFiles/CMakeTmp'


Source file was:
int main() { return 0; }
Performing C++ SOURCE FILE Test CxxFlag-Wno-overloaded-virtual succeeded with the following output:
Change Dir: /home/etg/git/Core3/build/CMakeFiles/CMakeTmp

Run Build Command(s):/usr/bin/make cmTC_55467/fast && /usr/bin/make -f CMakeFiles/cmTC_55467.dir/build.make CMakeFiles/cmTC_55467.dir/build
make[1]: Entering directory '/home/etg/git/Core3/build/CMakeFiles/CMakeTmp'
Building CXX object CMakeFiles/cmTC_55467.dir/src.cxx.o
/usr/bin/g++    -Wall -Wextra -Wno-unused -Wno-sign-compare -Wno-multichar -Wno-unused-parameter -DCxxFlag-Wno-overloaded-virtual   -Wno-overloaded-virtual -o CMakeFiles/cmTC_55467.dir/src.cxx.o -c /home/etg/git/Core3/build/CMakeFiles/CMakeTmp/src.cxx
<command-line>: warning: ISO C++11 requires whitespace after the macro name
Linking CXX executable cmTC_55467
/usr/bin/cmake -E cmake_link_script CMakeFiles/cmTC_55467.dir/link.txt --verbose=1
/usr/bin/g++   -Wall -Wextra -Wno-unused -Wno-sign-compare -Wno-multichar -Wno-unused-parameter -DCxxFlag-Wno-overloaded-virtual    -rdynamic CMakeFiles/cmTC_55467.dir/src.cxx.o  -o cmTC_55467 
make[1]: Leaving directory '/home/etg/git/Core3/build/CMakeFiles/CMakeTmp'


Source file was:
int main() { return 0; }
Performing C++ SOURCE FILE Test CxxFlag-Wno-missing-declarations succeeded with the following output:
Change Dir: /home/etg/git/Core3/build/CMakeFiles/CMakeTmp

Run Build Command(s):/usr/bin/make cmTC_7ea56/fast && /usr/bin/make -f CMakeFiles/cmTC_7ea56.dir/build.make CMakeFiles/cmTC_7ea56.dir/build
make[1]: Entering directory '/home/etg/git/Core3/build/CMakeFiles/CMakeTmp'
Building CXX object CMakeFiles/cmTC_7ea56.dir/src.cxx.o
/usr/bin/g++    -Wall -Wextra -Wno-unused -Wno-sign-compare -Wno-multichar -Wno-unused-parameter -Wno-overloaded-virtual -DCxxFlag-Wno-missing-declarations   -Wno-missing-declarations -o CMakeFiles/cmTC_7ea56.dir/src.cxx.o -c /home/etg/git/Core3/build/CMakeFiles/CMakeTmp/src.cxx
<command-line>: warning: ISO C++11 requires whitespace after the macro name
Linking CXX executable cmTC_7ea56
/usr/bin/cmake -E cmake_link_script CMakeFiles/cmTC_7ea56.dir/link.txt --verbose=1
/usr/bin/g++   -Wall -Wextra -Wno-unused -Wno-sign-compare -Wno-multichar -Wno-unused-parameter -Wno-overloaded-virtual -DCxxFlag-Wno-missing-declarations    -rdynamic CMakeFiles/cmTC_7ea56.dir/src.cxx.o  -o cmTC_7ea56 
make[1]: Leaving directory '/home/etg/git/Core3/build/CMakeFiles/CMakeTmp'


Source file was:
int main() { return 0; }
Performing C++ SOURCE FILE Test CxxFlag-Wno-implicit-fallthrough succeeded with the following output:
Change Dir: /home/etg/git/Core3/build/CMakeFiles/CMakeTmp

Run Build Command(s):/usr/bin/make cmTC_606b8/fast && /usr/bin/make -f CMakeFiles/cmTC_606b8.dir/build.make CMakeFiles/cmTC_606b8.dir/build
make[1]: Entering directory '/home/etg/git/Core3/build/CMakeFiles/CMakeTmp'
Building CXX object CMakeFiles/cmTC_606b8.dir/src.cxx.o
/usr/bin/g++    -Wall -Wextra -Wno-unused -Wno-sign-compare -Wno-multichar -Wno-unused-parameter -Wno-overloaded-virtual -Wno-missing-declarations -DCxxFlag-Wno-implicit-fallthrough   -Wno-implicit-fallthrough -o CMakeFiles/cmTC_606b8.dir/src.cxx.o -c /home/etg/git/Core3/build/CMakeFiles/CMakeTmp/src.cxx
<command-line>: warning: ISO C++11 requires whitespace after the macro name
Linking CXX executable cmTC_606b8
/usr/bin/cmake -E cmake_link_script CMakeFiles/cmTC_606b8.dir/link.txt --verbose=1
/usr/bin/g++   -Wall -Wextra -Wno-unused -Wno-sign-compare -Wno-multichar -Wno-unused-parameter -Wno-overloaded-virtual -Wno-missing-declarations -DCxxFlag-Wno-implicit-fallthrough    -rdynamic CMakeFiles/cmTC_606b8.dir/src.cxx.o  -o cmTC_606b8 
make[1]: Leaving directory '/home/etg/git/Core3/build/CMakeFiles/CMakeTmp'


Source file was:
int main() { return 0; }
Performing C++ SOURCE FILE Test CxxFlag-Wno-class-memaccess succeeded with the following output:
Change Dir: /home/etg/git/Core3/build/CMakeFiles/CMakeTmp

Run Build Command(s):/usr/bin/make cmTC_c65e0/fast && /usr/bin/make -f CMakeFiles/cmTC_c65e0.dir/build.make CMakeFiles/cmTC_c65e0.dir/build
make[1]: Entering directory '/home/etg/git/Core3/build/CMakeFiles/CMakeTmp'
Building CXX object CMakeFiles/cmTC_c65e0.dir/src.cxx.o
/usr/bin/g++    -Wall -Wextra -Wno-unused -Wno-sign-compare -Wno-multichar -Wno-unused-parameter -Wno-overloaded-virtual -Wno-missing-declarations -Wno-implicit-fallthrough -DCxxFlag-Wno-class-memaccess   -Wno-class-memaccess -o CMakeFiles/cmTC_c65e0.dir/src.cxx.o -c /home/etg/git/Core3/build/CMakeFiles/CMakeTmp/src.cxx
<command-line>: warning: ISO C++11 requires whitespace after the macro name
Linking CXX executable cmTC_c65e0
/usr/bin/cmake -E cmake_link_script CMakeFiles/cmTC_c65e0.dir/link.txt --verbose=1
/usr/bin/g++   -Wall -Wextra -Wno-unused -Wno-sign-compare -Wno-multichar -Wno-unused-parameter -Wno-overloaded-virtual -Wno-missing-declarations -Wno-implicit-fallthrough -DCxxFlag-Wno-class-memaccess    -rdynamic CMakeFiles/cmTC_c65e0.dir/src.cxx.o  -o cmTC_c65e0 
make[1]: Leaving directory '/home/etg/git/Core3/build/CMakeFiles/CMakeTmp'


Source file was:
int main() { return 0; }
Performing C++ SOURCE FILE Test CxxFlag-Wno-deprecated-copy succeeded with the following output:
Change Dir: /home/etg/git/Core3/build/CMakeFiles/CMakeTmp

Run Build Command(s):/usr/bin/make cmTC_437a5/fast && /usr/bin/make -f CMakeFiles/cmTC_437a5.dir/build.make CMakeFiles/cmTC_437a5.dir/build
make[1]: Entering directory '/home/etg/git/Core3/build/CMakeFiles/CMakeTmp'
Building CXX object CMakeFiles/cmTC_437a5.dir/src.cxx.o
/usr/bin/g++    -Wall -Wextra -Wno-unused -Wno-sign-compare -Wno-multichar -Wno-unused-parameter -Wno-overloaded-virtual -Wno-missing-declarations -Wno-implicit-fallthrough -Wno-class-memaccess -DCxxFlag-Wno-deprecated-copy   -Wno-deprecated-copy -o CMakeFiles/cmTC_437a5.dir/src.cxx.o -c /home/etg/git/Core3/build/CMakeFiles/CMakeTmp/src.cxx
<command-line>: warning: ISO C++11 requires whitespace after the macro name
Linking CXX executable cmTC_437a5
/usr/bin/cmake -E cmake_link_script CMakeFiles/cmTC_437a5.dir/link.txt --verbose=1
/usr/bin/g++   -Wall -Wextra -Wno-unused -Wno-sign-compare -Wno-multichar -Wno-unused-parameter -Wno-overloaded-virtual -Wno-missing-declarations -Wno-implicit-fallthrough -Wno-class-memaccess -DCxxFlag-Wno-deprecated-copy    -rdynamic CMakeFiles/cmTC_437a5.dir/src.cxx.o  -o cmTC_437a5 
make[1]: Leaving directory '/home/etg/git/Core3/build/CMakeFiles/CMakeTmp'


Source file was:
int main() { return 0; }
Performing C++ SOURCE FILE Test CxxFlagMnative succeeded with the following output:
Change Dir: /home/etg/git/Core3/build/CMakeFiles/CMakeTmp

Run Build Command(s):/usr/bin/make cmTC_1ab12/fast && /usr/bin/make -f CMakeFiles/cmTC_1ab12.dir/build.make CMakeFiles/cmTC_1ab12.dir/build
make[1]: Entering directory '/home/etg/git/Core3/build/CMakeFiles/CMakeTmp'
Building CXX object CMakeFiles/cmTC_1ab12.dir/src.cxx.o
/usr/bin/g++    -Wall -Wextra -Wno-unused -Wno-sign-compare -Wno-multichar -Wno-unused-parameter -Wno-overloaded-virtual -Wno-missing-declarations -Wno-implicit-fallthrough -Wno-class-memaccess -Wno-deprecated-copy -DCxxFlagMnative   -march=native -o CMakeFiles/cmTC_1ab12.dir/src.cxx.o -c /home/etg/git/Core3/build/CMakeFiles/CMakeTmp/src.cxx
Linking CXX executable cmTC_1ab12
/usr/bin/cmake -E cmake_link_script CMakeFiles/cmTC_1ab12.dir/link.txt --verbose=1
/usr/bin/g++   -Wall -Wextra -Wno-unused -Wno-sign-compare -Wno-multichar -Wno-unused-parameter -Wno-overloaded-virtual -Wno-missing-declarations -Wno-implicit-fallthrough -Wno-class-memaccess -Wno-deprecated-copy -DCxxFlagMnative    -rdynamic CMakeFiles/cmTC_1ab12.dir/src.cxx.o  -o cmTC_1ab12 
make[1]: Leaving directory '/home/etg/git/Core3/build/CMakeFiles/CMakeTmp'


Source file was:
int main() { return 0; }
Performing C++ SOURCE FILE Test CxxFlagFramePointer succeeded with the following output:
Change Dir: /home/etg/git/Core3/build/CMakeFiles/CMakeTmp

Run Build Command(s):/usr/bin/make cmTC_8bd2f/fast && /usr/bin/make -f CMakeFiles/cmTC_8bd2f.dir/build.make CMakeFiles/cmTC_8bd2f.dir/build
make[1]: Entering directory '/home/etg/git/Core3/build/CMakeFiles/CMakeTmp'
Building CXX object CMakeFiles/cmTC_8bd2f.dir/src.cxx.o
/usr/bin/g++    -Wall -Wextra -Wno-unused -Wno-sign-compare -Wno-multichar -Wno-unused-parameter -Wno-overloaded-virtual -Wno-missing-declarations -Wno-implicit-fallthrough -Wno-class-memaccess -Wno-deprecated-copy -march=native -DCxxFlagFramePointer   -fno-omit-frame-pointer -o CMakeFiles/cmTC_8bd2f.dir/src.cxx.o -c /home/etg/git/Core3/build/CMakeFiles/CMakeTmp/src.cxx
Linking CXX executable cmTC_8bd2f
/usr/bin/cmake -E cmake_link_script CMakeFiles/cmTC_8bd2f.dir/link.txt --verbose=1
/usr/bin/g++   -Wall -Wextra -Wno-unused -Wno-sign-compare -Wno-multichar -Wno-unused-parameter -Wno-overloaded-virtual -Wno-missing-declarations -Wno-implicit-fallthrough -Wno-class-memaccess -Wno-deprecated-copy -march=native -DCxxFlagFramePointer    -rdynamic CMakeFiles/cmTC_8bd2f.dir/src.cxx.o  -o cmTC_8bd2f 
make[1]: Leaving directory '/home/etg/git/Core3/build/CMakeFiles/CMakeTmp'


Source file was:
int main() { return 0; }
Performing C++ SOURCE FILE Test GOLD_LINKER_SUPPORTED succeeded with the following output:
Change Dir: /home/etg/git/Core3/build/CMakeFiles/CMakeTmp

Run Build Command(s):/usr/bin/make cmTC_58db4/fast && /usr/bin/make -f CMakeFiles/cmTC_58db4.dir/build.make CMakeFiles/cmTC_58db4.dir/build
make[1]: Entering directory '/home/etg/git/Core3/build/CMakeFiles/CMakeTmp'
Building CXX object CMakeFiles/cmTC_58db4.dir/src.cxx.o
/usr/bin/g++    -DGOLD_LINKER_SUPPORTED   -fuse-ld=gold -o CMakeFiles/cmTC_58db4.dir/src.cxx.o -c /home/etg/git/Core3/build/CMakeFiles/CMakeTmp/src.cxx
Linking CXX executable cmTC_58db4
/usr/bin/cmake -E cmake_link_script CMakeFiles/cmTC_58db4.dir/link.txt --verbose=1
/usr/bin/g++   -DGOLD_LINKER_SUPPORTED    -rdynamic CMakeFiles/cmTC_58db4.dir/src.cxx.o  -o cmTC_58db4  -fuse-ld=gold 
make[1]: Leaving directory '/home/etg/git/Core3/build/CMakeFiles/CMakeTmp'


Source file was:
int main() { return 0; }
Performing C++ SOURCE FILE Test WL_ZDEFS_SUPPORTED succeeded with the following output:
Change Dir: /home/etg/git/Core3/build/CMakeFiles/CMakeTmp

Run Build Command(s):/usr/bin/make cmTC_eaaed/fast && /usr/bin/make -f CMakeFiles/cmTC_eaaed.dir/build.make CMakeFiles/cmTC_eaaed.dir/build
make[1]: Entering directory '/home/etg/git/Core3/build/CMakeFiles/CMakeTmp'
Building CXX object CMakeFiles/cmTC_eaaed.dir/src.cxx.o
/usr/bin/g++    -DWL_ZDEFS_SUPPORTED   -Wl,-z,defs -o CMakeFiles/cmTC_eaaed.dir/src.cxx.o -c /home/etg/git/Core3/build/CMakeFiles/CMakeTmp/src.cxx
Linking CXX executable cmTC_eaaed
/usr/bin/cmake -E cmake_link_script CMakeFiles/cmTC_eaaed.dir/link.txt --verbose=1
/usr/bin/g++   -DWL_ZDEFS_SUPPORTED    -rdynamic CMakeFiles/cmTC_eaaed.dir/src.cxx.o  -o cmTC_eaaed 
make[1]: Leaving directory '/home/etg/git/Core3/build/CMakeFiles/CMakeTmp'


Source file was:
int main() { return 0; }
Performing C++ SOURCE FILE Test LINKER_THREADS_SUPPORTED succeeded with the following output:
Change Dir: /home/etg/git/Core3/build/CMakeFiles/CMakeTmp

Run Build Command(s):/usr/bin/make cmTC_cacab/fast && /usr/bin/make -f CMakeFiles/cmTC_cacab.dir/build.make CMakeFiles/cmTC_cacab.dir/build
make[1]: Entering directory '/home/etg/git/Core3/build/CMakeFiles/CMakeTmp'
Building CXX object CMakeFiles/cmTC_cacab.dir/src.cxx.o
/usr/bin/g++    -DLINKER_THREADS_SUPPORTED   -fuse-ld=gold -Wl,--threads -Wl,--thread-count,2 -o CMakeFiles/cmTC_cacab.dir/src.cxx.o -c /home/etg/git/Core3/build/CMakeFiles/CMakeTmp/src.cxx
Linking CXX executable cmTC_cacab
/usr/bin/cmake -E cmake_link_script CMakeFiles/cmTC_cacab.dir/link.txt --verbose=1
/usr/bin/g++   -DLINKER_THREADS_SUPPORTED    -rdynamic CMakeFiles/cmTC_cacab.dir/src.cxx.o  -o cmTC_cacab  -fuse-ld=gold -Wl,--threads -Wl,--thread-count,2 
make[1]: Leaving directory '/home/etg/git/Core3/build/CMakeFiles/CMakeTmp'


Source file was:
int main() { return 0; }
Performing C++ SOURCE FILE Test GDB_INDEX_SUPPORTED succeeded with the following output:
Change Dir: /home/etg/git/Core3/build/CMakeFiles/CMakeTmp

Run Build Command(s):/usr/bin/make cmTC_5c380/fast && /usr/bin/make -f CMakeFiles/cmTC_5c380.dir/build.make CMakeFiles/cmTC_5c380.dir/build
make[1]: Entering directory '/home/etg/git/Core3/build/CMakeFiles/CMakeTmp'
Building CXX object CMakeFiles/cmTC_5c380.dir/src.cxx.o
/usr/bin/g++    -DGDB_INDEX_SUPPORTED   -fuse-ld=gold -Wl,--gdb-index -o CMakeFiles/cmTC_5c380.dir/src.cxx.o -c /home/etg/git/Core3/build/CMakeFiles/CMakeTmp/src.cxx
Linking CXX executable cmTC_5c380
/usr/bin/cmake -E cmake_link_script CMakeFiles/cmTC_5c380.dir/link.txt --verbose=1
/usr/bin/g++   -DGDB_INDEX_SUPPORTED    -rdynamic CMakeFiles/cmTC_5c380.dir/src.cxx.o  -o cmTC_5c380  -fuse-ld=gold -Wl,--gdb-index 
make[1]: Leaving directory '/home/etg/git/Core3/build/CMakeFiles/CMakeTmp'


Source file was:
int main() { return 0; }
